0 info it worked if it ends with ok
1 verbose cli [ 'C:\\Program Files\\nodejs\\node.exe',
1 verbose cli   'C:\\Program Files\\nodejs\\node_modules\\npm\\bin\\npm-cli.js',
1 verbose cli   'install',
1 verbose cli   'jquery.countup.js' ]
2 info using npm@3.8.6
3 info using node@v5.12.0
4 silly loadCurrentTree Starting
5 silly install loadCurrentTree
6 silly install readLocalPackageData
7 silly fetchPackageMetaData jquery.countup.js
8 silly fetchNamedPackageData jquery.countup.js
9 silly mapToRegistry name jquery.countup.js
10 silly mapToRegistry using default registry
11 silly mapToRegistry registry http://registry.cnpmjs.org/
12 silly mapToRegistry data Result {
12 silly mapToRegistry   raw: 'jquery.countup.js',
12 silly mapToRegistry   scope: null,
12 silly mapToRegistry   name: 'jquery.countup.js',
12 silly mapToRegistry   rawSpec: '',
12 silly mapToRegistry   spec: 'latest',
12 silly mapToRegistry   type: 'tag' }
13 silly mapToRegistry uri http://registry.cnpmjs.org/jquery.countup.js
14 verbose request uri http://registry.cnpmjs.org/jquery.countup.js
15 verbose request no auth needed
16 info attempt registry request try #1 at 15:54:46
17 verbose request id 253db7ca304c91dd
18 http request GET http://registry.cnpmjs.org/jquery.countup.js
19 info retry will retry, error on last attempt: Error: getaddrinfo ENOTFOUND registry.cnpmjs.org registry.cnpmjs.org:80
20 info attempt registry request try #2 at 15:54:56
21 http request GET http://registry.cnpmjs.org/jquery.countup.js
22 info retry will retry, error on last attempt: Error: getaddrinfo ENOTFOUND registry.cnpmjs.org registry.cnpmjs.org:80
23 info attempt registry request try #3 at 15:57:08
24 http request GET http://registry.cnpmjs.org/jquery.countup.js
25 silly fetchPackageMetaData Error: getaddrinfo ENOTFOUND registry.cnpmjs.org registry.cnpmjs.org:80
25 silly fetchPackageMetaData     at errnoException (dns.js:26:10)
25 silly fetchPackageMetaData     at GetAddrInfoReqWrap.onlookup [as oncomplete] (dns.js:77:26)
25 silly fetchPackageMetaData  error for jquery.countup.js { [Error: getaddrinfo ENOTFOUND registry.cnpmjs.org registry.cnpmjs.org:80]
25 silly fetchPackageMetaData   code: 'ENOTFOUND',
25 silly fetchPackageMetaData   errno: 'ENOTFOUND',
25 silly fetchPackageMetaData   syscall: 'getaddrinfo',
25 silly fetchPackageMetaData   hostname: 'registry.cnpmjs.org',
25 silly fetchPackageMetaData   host: 'registry.cnpmjs.org',
25 silly fetchPackageMetaData   port: 80 }
26 silly rollbackFailedOptional Starting
27 silly rollbackFailedOptional Finishing
28 silly runTopLevelLifecycles Starting
29 silly runTopLevelLifecycles Finishing
30 silly install printInstalled
31 verbose stack Error: getaddrinfo ENOTFOUND registry.cnpmjs.org registry.cnpmjs.org:80
31 verbose stack     at errnoException (dns.js:26:10)
31 verbose stack     at GetAddrInfoReqWrap.onlookup [as oncomplete] (dns.js:77:26)
32 verbose cwd C:\Inetpub\wwwroot\myblog\js
33 error Windows_NT 5.1.2600
34 error argv "C:\\Program Files\\nodejs\\node.exe" "C:\\Program Files\\nodejs\\node_modules\\npm\\bin\\npm-cli.js" "install" "jquery.countup.js"
35 error node v5.12.0
36 error npm  v3.8.6
37 error code ENOTFOUND
38 error errno ENOTFOUND
39 error syscall getaddrinfo
40 error network getaddrinfo ENOTFOUND registry.cnpmjs.org registry.cnpmjs.org:80
41 error network This is most likely not a problem with npm itself
41 error network and is related to network connectivity.
41 error network In most cases you are behind a proxy or have bad network settings.
41 error network
41 error network If you are behind a proxy, please make sure that the
41 error network 'proxy' config is set properly.  See: 'npm help config'
42 verbose exit [ 1, true ]
